Determining if the pthread_create exist failed with the following output:
Change Dir: /home/ubuntu/Projeto1_Supercomp/build/CMakeFiles/CMakeTmp

Run Build Command:"/usr/bin/make" "cmTC_b5e1f/fast"
/usr/bin/make -f CMakeFiles/cmTC_b5e1f.dir/build.make CMakeFiles/cmTC_b5e1f.dir/build
make[1]: Entering directory '/home/ubuntu/Projeto1_Supercomp/build/CMakeFiles/CMakeTmp'
Building CXX object CMakeFiles/cmTC_b5e1f.dir/CheckSymbolExists.cxx.o
/usr/bin/g++     -o CMakeFiles/cmTC_b5e1f.dir/CheckSymbolExists.cxx.o -c /home/ubuntu/Projeto1_Supercomp/build/CMakeFiles/CMakeTmp/CheckSymbolExists.cxx
Linking CXX executable cmTC_b5e1f
/usr/local/lib/python3.6/dist-packages/cmake/data/bin/cmake -E cmake_link_script CMakeFiles/cmTC_b5e1f.dir/link.txt --verbose=1
/usr/bin/g++       CMakeFiles/cmTC_b5e1f.dir/CheckSymbolExists.cxx.o  -o cmTC_b5e1f 
CMakeFiles/cmTC_b5e1f.dir/CheckSymbolExists.cxx.o: In function `main':
CheckSymbolExists.cxx:(.text+0x1b): undefined reference to `pthread_create'
collect2: error: ld returned 1 exit status
CMakeFiles/cmTC_b5e1f.dir/build.make:86: recipe for target 'cmTC_b5e1f' failed
make[1]: *** [cmTC_b5e1f] Error 1
make[1]: Leaving directory '/home/ubuntu/Projeto1_Supercomp/build/CMakeFiles/CMakeTmp'
Makefile:121: recipe for target 'cmTC_b5e1f/fast' failed
make: *** [cmTC_b5e1f/fast] Error 2

File /home/ubuntu/Projeto1_Supercomp/build/CMakeFiles/CMakeTmp/CheckSymbolExists.cxx:
/* */
#include <pthread.h>

int main(int argc, char** argv)
{
  (void)argv;
#ifndef pthread_create
  return ((int*)(&pthread_create))[argc];
#else
  (void)argc;
  return 0;
#endif
}

Determining if the function pthread_create exists in the pthreads failed with the following output:
Change Dir: /home/ubuntu/Projeto1_Supercomp/build/CMakeFiles/CMakeTmp

Run Build Command:"/usr/bin/make" "cmTC_2e47a/fast"
/usr/bin/make -f CMakeFiles/cmTC_2e47a.dir/build.make CMakeFiles/cmTC_2e47a.dir/build
make[1]: Entering directory '/home/ubuntu/Projeto1_Supercomp/build/CMakeFiles/CMakeTmp'
Building CXX object CMakeFiles/cmTC_2e47a.dir/CheckFunctionExists.cxx.o
/usr/bin/g++    -DCHECK_FUNCTION_EXISTS=pthread_create   -o CMakeFiles/cmTC_2e47a.dir/CheckFunctionExists.cxx.o -c /home/ubuntu/Projeto1_Supercomp/build/CMakeFiles/CheckLibraryExists/CheckFunctionExists.cxx
Linking CXX executable cmTC_2e47a
/usr/local/lib/python3.6/dist-packages/cmake/data/bin/cmake -E cmake_link_script CMakeFiles/cmTC_2e47a.dir/link.txt --verbose=1
/usr/bin/g++   -DCHECK_FUNCTION_EXISTS=pthread_create    CMakeFiles/cmTC_2e47a.dir/CheckFunctionExists.cxx.o  -o cmTC_2e47a -lpthreads 
/usr/bin/ld: cannot find -lpthreads
collect2: error: ld returned 1 exit status
CMakeFiles/cmTC_2e47a.dir/build.make:86: recipe for target 'cmTC_2e47a' failed
make[1]: *** [cmTC_2e47a] Error 1
make[1]: Leaving directory '/home/ubuntu/Projeto1_Supercomp/build/CMakeFiles/CMakeTmp'
Makefile:121: recipe for target 'cmTC_2e47a/fast' failed
make: *** [cmTC_2e47a/fast] Error 2


